16:19:59 **** Build of configuration release for project tictoc ****
make MODE=release all 
txc1.cc
txc10.cc
txc11.cc
txc12.cc
txc13.cc
txc14.cc
txc15.cc
txc16.cc
txc17.cc
txc18.cc
txc2.cc
txc3.cc
txc4.cc
txc5.cc
txc6.cc
txc7.cc
txc8.cc
txc9.cc
tictoc13_m.cc
tictoc14_m.cc
tictoc15_m.cc
tictoc16_m.cc
tictoc17_m.cc
tictoc18_m.cc
Creating executable: out/clang-release//tictoc.exe
16:41:23 **** Build of configuration release for project model ****
make MODE=release all 
repair.cc
Creating executable: out/clang-release//model.exe
16:42:14 **** Incremental Build of configuration release for project model ****
make MODE=release all 
make: Nothing to be done for 'all'.
16:46:27 **** Incremental Build of configuration release for project model ****
make MODE=release all 
make: Nothing to be done for 'all'.
